[2020-12-02 23:03:05,474] TRACE [Controller id=0] Checking need to trigger auto leader balancing (kafka.controller.KafkaController)
[2020-12-02 23:03:05,475] DEBUG [Controller id=0] Preferred replicas by broker Map(0 -> Map(adminPhotos-0 -> Vector(0), authorization-0 -> Vector(0), jobapplicant-0 -> Vector(0), adminCompany-0 -> Vector(0), studentProfile-0 -> Vector(0), adminReviews-0 -> Vector(0), adminAnalytics-0 -> Vector(0), reviews-0 -> Vector(0), getCurrentCompanyJobByJobId-0 -> Vector(0), response_topic-0 -> Vector(0))) (kafka.controller.KafkaController)
[2020-12-02 23:03:05,476] DEBUG [Controller id=0] Topics not in preferred replica for broker 0 Map() (kafka.controller.KafkaController)
[2020-12-02 23:03:05,476] TRACE [Controller id=0] Leader imbalance ratio for broker 0 is 0.0 (kafka.controller.KafkaController)
[2020-12-02 23:08:05,482] TRACE [Controller id=0] Checking need to trigger auto leader balancing (kafka.controller.KafkaController)
[2020-12-02 23:08:05,489] DEBUG [Controller id=0] Preferred replicas by broker Map(0 -> Map(adminPhotos-0 -> Vector(0), authorization-0 -> Vector(0), jobapplicant-0 -> Vector(0), adminCompany-0 -> Vector(0), studentProfile-0 -> Vector(0), adminReviews-0 -> Vector(0), adminAnalytics-0 -> Vector(0), reviews-0 -> Vector(0), getCurrentCompanyJobByJobId-0 -> Vector(0), response_topic-0 -> Vector(0))) (kafka.controller.KafkaController)
[2020-12-02 23:08:05,489] DEBUG [Controller id=0] Topics not in preferred replica for broker 0 Map() (kafka.controller.KafkaController)
[2020-12-02 23:08:05,490] TRACE [Controller id=0] Leader imbalance ratio for broker 0 is 0.0 (kafka.controller.KafkaController)
[2020-12-02 23:09:25,181] INFO [Controller id=0] Shutting down broker 0 (kafka.controller.KafkaController)
[2020-12-02 23:09:25,182] DEBUG [Controller id=0] All shutting down brokers: 0 (kafka.controller.KafkaController)
[2020-12-02 23:09:25,183] DEBUG [Controller id=0] Live brokers:  (kafka.controller.KafkaController)
[2020-12-02 23:09:25,192] TRACE [Controller id=0] All leaders = adminPhotos-0 -> (Leader:0,ISR:0,LeaderEpoch:0,ControllerEpoch:1),authorization-0 -> (Leader:0,ISR:0,LeaderEpoch:0,ControllerEpoch:1),adminCompany-0 -> (Leader:0,ISR:0,LeaderEpoch:0,ControllerEpoch:1),jobapplicant-0 -> (Leader:0,ISR:0,LeaderEpoch:0,ControllerEpoch:2),adminAnalytics-0 -> (Leader:0,ISR:0,LeaderEpoch:0,ControllerEpoch:1),adminReviews-0 -> (Leader:0,ISR:0,LeaderEpoch:0,ControllerEpoch:1),studentProfile-0 -> (Leader:0,ISR:0,LeaderEpoch:0,ControllerEpoch:2),reviews-0 -> (Leader:0,ISR:0,LeaderEpoch:0,ControllerEpoch:1),response_topic-0 -> (Leader:0,ISR:0,LeaderEpoch:0,ControllerEpoch:1),getCurrentCompanyJobByJobId-0 -> (Leader:0,ISR:0,LeaderEpoch:0,ControllerEpoch:2) (kafka.controller.KafkaController)
[2020-12-02 23:09:26,273] INFO [ControllerEventThread controllerId=0] Shutting down (kafka.controller.ControllerEventManager$ControllerEventThread)
[2020-12-02 23:09:26,273] INFO [ControllerEventThread controllerId=0] Stopped (kafka.controller.ControllerEventManager$ControllerEventThread)
[2020-12-02 23:09:26,273] INFO [ControllerEventThread controllerId=0] Shutdown completed (kafka.controller.ControllerEventManager$ControllerEventThread)
[2020-12-02 23:09:26,274] DEBUG [Controller id=0] Resigning (kafka.controller.KafkaController)
[2020-12-02 23:09:26,275] DEBUG [Controller id=0] Unregister BrokerModifications handler for Set(0) (kafka.controller.KafkaController)
[2020-12-02 23:09:26,276] INFO [PartitionStateMachine controllerId=0] Stopped partition state machine (kafka.controller.PartitionStateMachine)
[2020-12-02 23:09:26,278] INFO [ReplicaStateMachine controllerId=0] Stopped replica state machine (kafka.controller.ReplicaStateMachine)
[2020-12-02 23:09:26,278] INFO [RequestSendThread controllerId=0] Shutting down (kafka.controller.RequestSendThread)
[2020-12-02 23:09:26,278] INFO [RequestSendThread controllerId=0] Stopped (kafka.controller.RequestSendThread)
[2020-12-02 23:09:26,278] INFO [RequestSendThread controllerId=0] Shutdown completed (kafka.controller.RequestSendThread)
[2020-12-02 23:09:26,280] INFO [Controller id=0] Resigned (kafka.controller.KafkaController)
