[2020-11-05 12:20:34,749] DEBUG preRegister called. Server=com.sun.jmx.mbeanserver.JmxMBeanServer@704a52ec, name=log4j:logger=state.change.logger (state.change.logger)
[2020-12-02 22:11:23,692] DEBUG preRegister called. Server=com.sun.jmx.mbeanserver.JmxMBeanServer@66d3c617, name=log4j:logger=state.change.logger (state.change.logger)
[2020-12-02 22:12:35,296] DEBUG preRegister called. Server=com.sun.jmx.mbeanserver.JmxMBeanServer@66d3c617, name=log4j:logger=state.change.logger (state.change.logger)
[2020-12-02 22:14:19,827] TRACE [Controller id=0 epoch=3] Sending UpdateMetadata request PartitionState(controllerEpoch=1, leader=0, leaderEpoch=0, isr=[0], zkVersion=0, replicas=[0], offlineReplicas=[]) to brokers Set(0) for partition adminPhotos-0 (state.change.logger)
[2020-12-02 22:14:19,827] TRACE [Controller id=0 epoch=3] Sending UpdateMetadata request PartitionState(controllerEpoch=1, leader=0, leaderEpoch=0, isr=[0], zkVersion=0, replicas=[0], offlineReplicas=[]) to brokers Set(0) for partition authorization-0 (state.change.logger)
[2020-12-02 22:14:19,827] TRACE [Controller id=0 epoch=3] Sending UpdateMetadata request PartitionState(controllerEpoch=2, leader=0, leaderEpoch=0, isr=[0], zkVersion=0, replicas=[0], offlineReplicas=[]) to brokers Set(0) for partition jobapplicant-0 (state.change.logger)
[2020-12-02 22:14:19,828] TRACE [Controller id=0 epoch=3] Sending UpdateMetadata request PartitionState(controllerEpoch=1, leader=0, leaderEpoch=0, isr=[0], zkVersion=0, replicas=[0], offlineReplicas=[]) to brokers Set(0) for partition adminCompany-0 (state.change.logger)
[2020-12-02 22:14:19,828] TRACE [Controller id=0 epoch=3] Sending UpdateMetadata request PartitionState(controllerEpoch=2, leader=0, leaderEpoch=0, isr=[0], zkVersion=0, replicas=[0], offlineReplicas=[]) to brokers Set(0) for partition studentProfile-0 (state.change.logger)
[2020-12-02 22:14:19,828] TRACE [Controller id=0 epoch=3] Sending UpdateMetadata request PartitionState(controllerEpoch=1, leader=0, leaderEpoch=0, isr=[0], zkVersion=0, replicas=[0], offlineReplicas=[]) to brokers Set(0) for partition adminReviews-0 (state.change.logger)
[2020-12-02 22:14:19,828] TRACE [Controller id=0 epoch=3] Sending UpdateMetadata request PartitionState(controllerEpoch=1, leader=0, leaderEpoch=0, isr=[0], zkVersion=0, replicas=[0], offlineReplicas=[]) to brokers Set(0) for partition adminAnalytics-0 (state.change.logger)
[2020-12-02 22:14:19,828] TRACE [Controller id=0 epoch=3] Sending UpdateMetadata request PartitionState(controllerEpoch=1, leader=0, leaderEpoch=0, isr=[0], zkVersion=0, replicas=[0], offlineReplicas=[]) to brokers Set(0) for partition reviews-0 (state.change.logger)
[2020-12-02 22:14:19,828] TRACE [Controller id=0 epoch=3] Sending UpdateMetadata request PartitionState(controllerEpoch=2, leader=0, leaderEpoch=0, isr=[0], zkVersion=0, replicas=[0], offlineReplicas=[]) to brokers Set(0) for partition getCurrentCompanyJobByJobId-0 (state.change.logger)
[2020-12-02 22:14:19,828] TRACE [Controller id=0 epoch=3] Sending UpdateMetadata request PartitionState(controllerEpoch=1, leader=0, leaderEpoch=0, isr=[0], zkVersion=0, replicas=[0], offlineReplicas=[]) to brokers Set(0) for partition response_topic-0 (state.change.logger)
[2020-12-02 22:14:19,866] TRACE [Controller id=0 epoch=3] Changed state of replica 0 for partition adminCompany-0 from OnlineReplica to OnlineReplica (state.change.logger)
[2020-12-02 22:14:19,868] TRACE [Controller id=0 epoch=3] Changed state of replica 0 for partition getCurrentCompanyJobByJobId-0 from OnlineReplica to OnlineReplica (state.change.logger)
[2020-12-02 22:14:19,868] TRACE [Controller id=0 epoch=3] Changed state of replica 0 for partition adminPhotos-0 from OnlineReplica to OnlineReplica (state.change.logger)
[2020-12-02 22:14:19,869] TRACE [Controller id=0 epoch=3] Changed state of replica 0 for partition reviews-0 from OnlineReplica to OnlineReplica (state.change.logger)
[2020-12-02 22:14:19,869] TRACE [Controller id=0 epoch=3] Changed state of replica 0 for partition adminReviews-0 from OnlineReplica to OnlineReplica (state.change.logger)
[2020-12-02 22:14:19,871] TRACE [Controller id=0 epoch=3] Changed state of replica 0 for partition studentProfile-0 from OnlineReplica to OnlineReplica (state.change.logger)
[2020-12-02 22:14:19,872] TRACE [Controller id=0 epoch=3] Changed state of replica 0 for partition response_topic-0 from OnlineReplica to OnlineReplica (state.change.logger)
[2020-12-02 22:14:19,872] TRACE [Controller id=0 epoch=3] Changed state of replica 0 for partition jobapplicant-0 from OnlineReplica to OnlineReplica (state.change.logger)
[2020-12-02 22:14:19,872] TRACE [Controller id=0 epoch=3] Changed state of replica 0 for partition authorization-0 from OnlineReplica to OnlineReplica (state.change.logger)
[2020-12-02 22:14:19,873] TRACE [Controller id=0 epoch=3] Changed state of replica 0 for partition adminAnalytics-0 from OnlineReplica to OnlineReplica (state.change.logger)
[2020-12-02 22:14:19,874] TRACE [Broker id=0] Cached leader info PartitionState(controllerEpoch=1, leader=0, leaderEpoch=0, isr=[0], zkVersion=0, replicas=[0], offlineReplicas=[]) for partition response_topic-0 in response to UpdateMetadata request sent by controller 0 epoch 3 with correlation id 0 (state.change.logger)
[2020-12-02 22:14:19,874] TRACE [Broker id=0] Cached leader info PartitionState(controllerEpoch=1, leader=0, leaderEpoch=0, isr=[0], zkVersion=0, replicas=[0], offlineReplicas=[]) for partition adminCompany-0 in response to UpdateMetadata request sent by controller 0 epoch 3 with correlation id 0 (state.change.logger)
[2020-12-02 22:14:19,874] TRACE [Broker id=0] Cached leader info PartitionState(controllerEpoch=1, leader=0, leaderEpoch=0, isr=[0], zkVersion=0, replicas=[0], offlineReplicas=[]) for partition reviews-0 in response to UpdateMetadata request sent by controller 0 epoch 3 with correlation id 0 (state.change.logger)
[2020-12-02 22:14:19,874] TRACE [Broker id=0] Cached leader info PartitionState(controllerEpoch=1, leader=0, leaderEpoch=0, isr=[0], zkVersion=0, replicas=[0], offlineReplicas=[]) for partition authorization-0 in response to UpdateMetadata request sent by controller 0 epoch 3 with correlation id 0 (state.change.logger)
[2020-12-02 22:14:19,874] TRACE [Broker id=0] Cached leader info PartitionState(controllerEpoch=1, leader=0, leaderEpoch=0, isr=[0], zkVersion=0, replicas=[0], offlineReplicas=[]) for partition adminPhotos-0 in response to UpdateMetadata request sent by controller 0 epoch 3 with correlation id 0 (state.change.logger)
[2020-12-02 22:14:19,874] TRACE [Broker id=0] Cached leader info PartitionState(controllerEpoch=2, leader=0, leaderEpoch=0, isr=[0], zkVersion=0, replicas=[0], offlineReplicas=[]) for partition jobapplicant-0 in response to UpdateMetadata request sent by controller 0 epoch 3 with correlation id 0 (state.change.logger)
[2020-12-02 22:14:19,874] TRACE [Broker id=0] Cached leader info PartitionState(controllerEpoch=2, leader=0, leaderEpoch=0, isr=[0], zkVersion=0, replicas=[0], offlineReplicas=[]) for partition getCurrentCompanyJobByJobId-0 in response to UpdateMetadata request sent by controller 0 epoch 3 with correlation id 0 (state.change.logger)
[2020-12-02 22:14:19,875] TRACE [Broker id=0] Cached leader info PartitionState(controllerEpoch=2, leader=0, leaderEpoch=0, isr=[0], zkVersion=0, replicas=[0], offlineReplicas=[]) for partition studentProfile-0 in response to UpdateMetadata request sent by controller 0 epoch 3 with correlation id 0 (state.change.logger)
[2020-12-02 22:14:19,875] TRACE [Controller id=0 epoch=3] Sending become-leader LeaderAndIsr request PartitionState(controllerEpoch=1, leader=0, leaderEpoch=0, isr=0, zkVersion=0, replicas=0, isNew=false) to broker 0 for partition adminPhotos-0 (state.change.logger)
[2020-12-02 22:14:19,875] TRACE [Broker id=0] Cached leader info PartitionState(controllerEpoch=1, leader=0, leaderEpoch=0, isr=[0], zkVersion=0, replicas=[0], offlineReplicas=[]) for partition adminAnalytics-0 in response to UpdateMetadata request sent by controller 0 epoch 3 with correlation id 0 (state.change.logger)
[2020-12-02 22:14:19,875] TRACE [Controller id=0 epoch=3] Sending become-leader LeaderAndIsr request PartitionState(controllerEpoch=1, leader=0, leaderEpoch=0, isr=0, zkVersion=0, replicas=0, isNew=false) to broker 0 for partition authorization-0 (state.change.logger)
[2020-12-02 22:14:19,875] TRACE [Broker id=0] Cached leader info PartitionState(controllerEpoch=1, leader=0, leaderEpoch=0, isr=[0], zkVersion=0, replicas=[0], offlineReplicas=[]) for partition adminReviews-0 in response to UpdateMetadata request sent by controller 0 epoch 3 with correlation id 0 (state.change.logger)
[2020-12-02 22:14:19,875] TRACE [Controller id=0 epoch=3] Sending become-leader LeaderAndIsr request PartitionState(controllerEpoch=2, leader=0, leaderEpoch=0, isr=0, zkVersion=0, replicas=0, isNew=false) to broker 0 for partition jobapplicant-0 (state.change.logger)
[2020-12-02 22:14:19,875] TRACE [Controller id=0 epoch=3] Sending become-leader LeaderAndIsr request PartitionState(controllerEpoch=1, leader=0, leaderEpoch=0, isr=0, zkVersion=0, replicas=0, isNew=false) to broker 0 for partition adminCompany-0 (state.change.logger)
[2020-12-02 22:14:19,875] TRACE [Controller id=0 epoch=3] Sending become-leader LeaderAndIsr request PartitionState(controllerEpoch=1, leader=0, leaderEpoch=0, isr=0, zkVersion=0, replicas=0, isNew=false) to broker 0 for partition adminAnalytics-0 (state.change.logger)
[2020-12-02 22:14:19,875] TRACE [Controller id=0 epoch=3] Sending become-leader LeaderAndIsr request PartitionState(controllerEpoch=2, leader=0, leaderEpoch=0, isr=0, zkVersion=0, replicas=0, isNew=false) to broker 0 for partition studentProfile-0 (state.change.logger)
[2020-12-02 22:14:19,875] TRACE [Controller id=0 epoch=3] Sending become-leader LeaderAndIsr request PartitionState(controllerEpoch=1, leader=0, leaderEpoch=0, isr=0, zkVersion=0, replicas=0, isNew=false) to broker 0 for partition adminReviews-0 (state.change.logger)
[2020-12-02 22:14:19,875] TRACE [Controller id=0 epoch=3] Sending become-leader LeaderAndIsr request PartitionState(controllerEpoch=1, leader=0, leaderEpoch=0, isr=0, zkVersion=0, replicas=0, isNew=false) to broker 0 for partition reviews-0 (state.change.logger)
[2020-12-02 22:14:19,875] TRACE [Controller id=0 epoch=3] Sending become-leader LeaderAndIsr request PartitionState(controllerEpoch=1, leader=0, leaderEpoch=0, isr=0, zkVersion=0, replicas=0, isNew=false) to broker 0 for partition response_topic-0 (state.change.logger)
[2020-12-02 22:14:19,875] TRACE [Controller id=0 epoch=3] Sending become-leader LeaderAndIsr request PartitionState(controllerEpoch=2, leader=0, leaderEpoch=0, isr=0, zkVersion=0, replicas=0, isNew=false) to broker 0 for partition getCurrentCompanyJobByJobId-0 (state.change.logger)
[2020-12-02 22:14:19,877] TRACE [Controller id=0 epoch=3] Sending UpdateMetadata request PartitionState(controllerEpoch=1, leader=0, leaderEpoch=0, isr=[0], zkVersion=0, replicas=[0], offlineReplicas=[]) to brokers Set(0) for partition adminPhotos-0 (state.change.logger)
[2020-12-02 22:14:19,878] TRACE [Controller id=0 epoch=3] Sending UpdateMetadata request PartitionState(controllerEpoch=1, leader=0, leaderEpoch=0, isr=[0], zkVersion=0, replicas=[0], offlineReplicas=[]) to brokers Set(0) for partition authorization-0 (state.change.logger)
[2020-12-02 22:14:19,878] TRACE [Controller id=0 epoch=3] Sending UpdateMetadata request PartitionState(controllerEpoch=2, leader=0, leaderEpoch=0, isr=[0], zkVersion=0, replicas=[0], offlineReplicas=[]) to brokers Set(0) for partition jobapplicant-0 (state.change.logger)
[2020-12-02 22:14:19,878] TRACE [Controller id=0 epoch=3] Sending UpdateMetadata request PartitionState(controllerEpoch=1, leader=0, leaderEpoch=0, isr=[0], zkVersion=0, replicas=[0], offlineReplicas=[]) to brokers Set(0) for partition adminCompany-0 (state.change.logger)
[2020-12-02 22:14:19,878] TRACE [Controller id=0 epoch=3] Sending UpdateMetadata request PartitionState(controllerEpoch=1, leader=0, leaderEpoch=0, isr=[0], zkVersion=0, replicas=[0], offlineReplicas=[]) to brokers Set(0) for partition adminAnalytics-0 (state.change.logger)
[2020-12-02 22:14:19,878] TRACE [Controller id=0 epoch=3] Sending UpdateMetadata request PartitionState(controllerEpoch=2, leader=0, leaderEpoch=0, isr=[0], zkVersion=0, replicas=[0], offlineReplicas=[]) to brokers Set(0) for partition studentProfile-0 (state.change.logger)
[2020-12-02 22:14:19,878] TRACE [Controller id=0 epoch=3] Sending UpdateMetadata request PartitionState(controllerEpoch=1, leader=0, leaderEpoch=0, isr=[0], zkVersion=0, replicas=[0], offlineReplicas=[]) to brokers Set(0) for partition adminReviews-0 (state.change.logger)
[2020-12-02 22:14:19,878] TRACE [Controller id=0 epoch=3] Sending UpdateMetadata request PartitionState(controllerEpoch=1, leader=0, leaderEpoch=0, isr=[0], zkVersion=0, replicas=[0], offlineReplicas=[]) to brokers Set(0) for partition reviews-0 (state.change.logger)
[2020-12-02 22:14:19,878] TRACE [Controller id=0 epoch=3] Sending UpdateMetadata request PartitionState(controllerEpoch=1, leader=0, leaderEpoch=0, isr=[0], zkVersion=0, replicas=[0], offlineReplicas=[]) to brokers Set(0) for partition response_topic-0 (state.change.logger)
[2020-12-02 22:14:19,878] TRACE [Controller id=0 epoch=3] Sending UpdateMetadata request PartitionState(controllerEpoch=2, leader=0, leaderEpoch=0, isr=[0], zkVersion=0, replicas=[0], offlineReplicas=[]) to brokers Set(0) for partition getCurrentCompanyJobByJobId-0 (state.change.logger)
[2020-12-02 22:14:19,883] TRACE [Controller id=0 epoch=3] Received response {error_code=0} for request UPDATE_METADATA with correlation id 0 sent to broker 192.168.0.10:9092 (id: 0 rack: null) (state.change.logger)
[2020-12-02 22:14:19,886] TRACE [Broker id=0] Received LeaderAndIsr request PartitionState(controllerEpoch=1, leader=0, leaderEpoch=0, isr=0, zkVersion=0, replicas=0, isNew=false) correlation id 1 from controller 0 epoch 3 for partition adminCompany-0 (state.change.logger)
[2020-12-02 22:14:19,886] TRACE [Broker id=0] Received LeaderAndIsr request PartitionState(controllerEpoch=1, leader=0, leaderEpoch=0, isr=0, zkVersion=0, replicas=0, isNew=false) correlation id 1 from controller 0 epoch 3 for partition response_topic-0 (state.change.logger)
[2020-12-02 22:14:19,886] TRACE [Broker id=0] Received LeaderAndIsr request PartitionState(controllerEpoch=1, leader=0, leaderEpoch=0, isr=0, zkVersion=0, replicas=0, isNew=false) correlation id 1 from controller 0 epoch 3 for partition authorization-0 (state.change.logger)
[2020-12-02 22:14:19,886] TRACE [Broker id=0] Received LeaderAndIsr request PartitionState(controllerEpoch=1, leader=0, leaderEpoch=0, isr=0, zkVersion=0, replicas=0, isNew=false) correlation id 1 from controller 0 epoch 3 for partition reviews-0 (state.change.logger)
[2020-12-02 22:14:19,886] TRACE [Broker id=0] Received LeaderAndIsr request PartitionState(controllerEpoch=1, leader=0, leaderEpoch=0, isr=0, zkVersion=0, replicas=0, isNew=false) correlation id 1 from controller 0 epoch 3 for partition adminPhotos-0 (state.change.logger)
[2020-12-02 22:14:19,886] TRACE [Broker id=0] Received LeaderAndIsr request PartitionState(controllerEpoch=2, leader=0, leaderEpoch=0, isr=0, zkVersion=0, replicas=0, isNew=false) correlation id 1 from controller 0 epoch 3 for partition jobapplicant-0 (state.change.logger)
[2020-12-02 22:14:19,886] TRACE [Broker id=0] Received LeaderAndIsr request PartitionState(controllerEpoch=2, leader=0, leaderEpoch=0, isr=0, zkVersion=0, replicas=0, isNew=false) correlation id 1 from controller 0 epoch 3 for partition getCurrentCompanyJobByJobId-0 (state.change.logger)
[2020-12-02 22:14:19,886] TRACE [Broker id=0] Received LeaderAndIsr request PartitionState(controllerEpoch=1, leader=0, leaderEpoch=0, isr=0, zkVersion=0, replicas=0, isNew=false) correlation id 1 from controller 0 epoch 3 for partition adminAnalytics-0 (state.change.logger)
[2020-12-02 22:14:19,886] TRACE [Broker id=0] Received LeaderAndIsr request PartitionState(controllerEpoch=2, leader=0, leaderEpoch=0, isr=0, zkVersion=0, replicas=0, isNew=false) correlation id 1 from controller 0 epoch 3 for partition studentProfile-0 (state.change.logger)
[2020-12-02 22:14:19,886] TRACE [Broker id=0] Received LeaderAndIsr request PartitionState(controllerEpoch=1, leader=0, leaderEpoch=0, isr=0, zkVersion=0, replicas=0, isNew=false) correlation id 1 from controller 0 epoch 3 for partition adminReviews-0 (state.change.logger)
[2020-12-02 22:14:19,895] TRACE [Broker id=0] Handling LeaderAndIsr request correlationId 1 from controller 0 epoch 3 starting the become-leader transition for partition adminPhotos-0 (state.change.logger)
[2020-12-02 22:14:19,896] TRACE [Broker id=0] Handling LeaderAndIsr request correlationId 1 from controller 0 epoch 3 starting the become-leader transition for partition authorization-0 (state.change.logger)
[2020-12-02 22:14:19,896] TRACE [Broker id=0] Handling LeaderAndIsr request correlationId 1 from controller 0 epoch 3 starting the become-leader transition for partition jobapplicant-0 (state.change.logger)
[2020-12-02 22:14:19,896] TRACE [Broker id=0] Handling LeaderAndIsr request correlationId 1 from controller 0 epoch 3 starting the become-leader transition for partition adminAnalytics-0 (state.change.logger)
[2020-12-02 22:14:19,896] TRACE [Broker id=0] Handling LeaderAndIsr request correlationId 1 from controller 0 epoch 3 starting the become-leader transition for partition studentProfile-0 (state.change.logger)
[2020-12-02 22:14:19,896] TRACE [Broker id=0] Handling LeaderAndIsr request correlationId 1 from controller 0 epoch 3 starting the become-leader transition for partition adminReviews-0 (state.change.logger)
[2020-12-02 22:14:19,896] TRACE [Broker id=0] Handling LeaderAndIsr request correlationId 1 from controller 0 epoch 3 starting the become-leader transition for partition adminCompany-0 (state.change.logger)
[2020-12-02 22:14:19,896] TRACE [Broker id=0] Handling LeaderAndIsr request correlationId 1 from controller 0 epoch 3 starting the become-leader transition for partition response_topic-0 (state.change.logger)
[2020-12-02 22:14:19,896] TRACE [Broker id=0] Handling LeaderAndIsr request correlationId 1 from controller 0 epoch 3 starting the become-leader transition for partition reviews-0 (state.change.logger)
[2020-12-02 22:14:19,896] TRACE [Broker id=0] Handling LeaderAndIsr request correlationId 1 from controller 0 epoch 3 starting the become-leader transition for partition getCurrentCompanyJobByJobId-0 (state.change.logger)
[2020-12-02 22:14:19,983] TRACE [Broker id=0] Stopped fetchers as part of become-leader request from controller 0 epoch 3 with correlation id 1 for partition adminPhotos-0 (last update controller epoch 1) (state.change.logger)
[2020-12-02 22:14:19,992] TRACE [Broker id=0] Stopped fetchers as part of become-leader request from controller 0 epoch 3 with correlation id 1 for partition authorization-0 (last update controller epoch 1) (state.change.logger)
[2020-12-02 22:14:19,999] TRACE [Broker id=0] Stopped fetchers as part of become-leader request from controller 0 epoch 3 with correlation id 1 for partition jobapplicant-0 (last update controller epoch 2) (state.change.logger)
[2020-12-02 22:14:20,007] TRACE [Broker id=0] Stopped fetchers as part of become-leader request from controller 0 epoch 3 with correlation id 1 for partition adminAnalytics-0 (last update controller epoch 1) (state.change.logger)
[2020-12-02 22:14:20,014] TRACE [Broker id=0] Stopped fetchers as part of become-leader request from controller 0 epoch 3 with correlation id 1 for partition studentProfile-0 (last update controller epoch 2) (state.change.logger)
[2020-12-02 22:14:20,022] TRACE [Broker id=0] Stopped fetchers as part of become-leader request from controller 0 epoch 3 with correlation id 1 for partition adminReviews-0 (last update controller epoch 1) (state.change.logger)
[2020-12-02 22:14:20,036] TRACE [Broker id=0] Stopped fetchers as part of become-leader request from controller 0 epoch 3 with correlation id 1 for partition adminCompany-0 (last update controller epoch 1) (state.change.logger)
[2020-12-02 22:14:20,049] TRACE [Broker id=0] Stopped fetchers as part of become-leader request from controller 0 epoch 3 with correlation id 1 for partition response_topic-0 (last update controller epoch 1) (state.change.logger)
[2020-12-02 22:14:20,057] TRACE [Broker id=0] Stopped fetchers as part of become-leader request from controller 0 epoch 3 with correlation id 1 for partition reviews-0 (last update controller epoch 1) (state.change.logger)
[2020-12-02 22:14:20,064] TRACE [Broker id=0] Stopped fetchers as part of become-leader request from controller 0 epoch 3 with correlation id 1 for partition getCurrentCompanyJobByJobId-0 (last update controller epoch 2) (state.change.logger)
[2020-12-02 22:14:20,065] TRACE [Broker id=0] Completed LeaderAndIsr request correlationId 1 from controller 0 epoch 3 for the become-leader transition for partition adminPhotos-0 (state.change.logger)
[2020-12-02 22:14:20,065] TRACE [Broker id=0] Completed LeaderAndIsr request correlationId 1 from controller 0 epoch 3 for the become-leader transition for partition authorization-0 (state.change.logger)
[2020-12-02 22:14:20,065] TRACE [Broker id=0] Completed LeaderAndIsr request correlationId 1 from controller 0 epoch 3 for the become-leader transition for partition jobapplicant-0 (state.change.logger)
[2020-12-02 22:14:20,065] TRACE [Broker id=0] Completed LeaderAndIsr request correlationId 1 from controller 0 epoch 3 for the become-leader transition for partition adminAnalytics-0 (state.change.logger)
[2020-12-02 22:14:20,065] TRACE [Broker id=0] Completed LeaderAndIsr request correlationId 1 from controller 0 epoch 3 for the become-leader transition for partition studentProfile-0 (state.change.logger)
[2020-12-02 22:14:20,065] TRACE [Broker id=0] Completed LeaderAndIsr request correlationId 1 from controller 0 epoch 3 for the become-leader transition for partition adminReviews-0 (state.change.logger)
[2020-12-02 22:14:20,065] TRACE [Broker id=0] Completed LeaderAndIsr request correlationId 1 from controller 0 epoch 3 for the become-leader transition for partition adminCompany-0 (state.change.logger)
[2020-12-02 22:14:20,065] TRACE [Broker id=0] Completed LeaderAndIsr request correlationId 1 from controller 0 epoch 3 for the become-leader transition for partition response_topic-0 (state.change.logger)
[2020-12-02 22:14:20,065] TRACE [Broker id=0] Completed LeaderAndIsr request correlationId 1 from controller 0 epoch 3 for the become-leader transition for partition reviews-0 (state.change.logger)
[2020-12-02 22:14:20,065] TRACE [Broker id=0] Completed LeaderAndIsr request correlationId 1 from controller 0 epoch 3 for the become-leader transition for partition getCurrentCompanyJobByJobId-0 (state.change.logger)
[2020-12-02 22:14:20,073] TRACE [Controller id=0 epoch=3] Received response {error_code=0,partitions=[{topic=adminCompany,partition=0,error_code=0},{topic=response_topic,partition=0,error_code=0},{topic=authorization,partition=0,error_code=0},{topic=reviews,partition=0,error_code=0},{topic=adminPhotos,partition=0,error_code=0},{topic=jobapplicant,partition=0,error_code=0},{topic=getCurrentCompanyJobByJobId,partition=0,error_code=0},{topic=studentProfile,partition=0,error_code=0},{topic=adminAnalytics,partition=0,error_code=0},{topic=adminReviews,partition=0,error_code=0}]} for request LEADER_AND_ISR with correlation id 1 sent to broker 192.168.0.10:9092 (id: 0 rack: null) (state.change.logger)
[2020-12-02 22:14:20,076] TRACE [Broker id=0] Cached leader info PartitionState(controllerEpoch=1, leader=0, leaderEpoch=0, isr=[0], zkVersion=0, replicas=[0], offlineReplicas=[]) for partition response_topic-0 in response to UpdateMetadata request sent by controller 0 epoch 3 with correlation id 2 (state.change.logger)
[2020-12-02 22:14:20,076] TRACE [Broker id=0] Cached leader info PartitionState(controllerEpoch=1, leader=0, leaderEpoch=0, isr=[0], zkVersion=0, replicas=[0], offlineReplicas=[]) for partition adminCompany-0 in response to UpdateMetadata request sent by controller 0 epoch 3 with correlation id 2 (state.change.logger)
[2020-12-02 22:14:20,076] TRACE [Broker id=0] Cached leader info PartitionState(controllerEpoch=1, leader=0, leaderEpoch=0, isr=[0], zkVersion=0, replicas=[0], offlineReplicas=[]) for partition reviews-0 in response to UpdateMetadata request sent by controller 0 epoch 3 with correlation id 2 (state.change.logger)
[2020-12-02 22:14:20,077] TRACE [Broker id=0] Cached leader info PartitionState(controllerEpoch=1, leader=0, leaderEpoch=0, isr=[0], zkVersion=0, replicas=[0], offlineReplicas=[]) for partition authorization-0 in response to UpdateMetadata request sent by controller 0 epoch 3 with correlation id 2 (state.change.logger)
[2020-12-02 22:14:20,077] TRACE [Broker id=0] Cached leader info PartitionState(controllerEpoch=1, leader=0, leaderEpoch=0, isr=[0], zkVersion=0, replicas=[0], offlineReplicas=[]) for partition adminPhotos-0 in response to UpdateMetadata request sent by controller 0 epoch 3 with correlation id 2 (state.change.logger)
[2020-12-02 22:14:20,077] TRACE [Broker id=0] Cached leader info PartitionState(controllerEpoch=2, leader=0, leaderEpoch=0, isr=[0], zkVersion=0, replicas=[0], offlineReplicas=[]) for partition jobapplicant-0 in response to UpdateMetadata request sent by controller 0 epoch 3 with correlation id 2 (state.change.logger)
[2020-12-02 22:14:20,077] TRACE [Broker id=0] Cached leader info PartitionState(controllerEpoch=2, leader=0, leaderEpoch=0, isr=[0], zkVersion=0, replicas=[0], offlineReplicas=[]) for partition getCurrentCompanyJobByJobId-0 in response to UpdateMetadata request sent by controller 0 epoch 3 with correlation id 2 (state.change.logger)
[2020-12-02 22:14:20,077] TRACE [Broker id=0] Cached leader info PartitionState(controllerEpoch=2, leader=0, leaderEpoch=0, isr=[0], zkVersion=0, replicas=[0], offlineReplicas=[]) for partition studentProfile-0 in response to UpdateMetadata request sent by controller 0 epoch 3 with correlation id 2 (state.change.logger)
[2020-12-02 22:14:20,077] TRACE [Broker id=0] Cached leader info PartitionState(controllerEpoch=1, leader=0, leaderEpoch=0, isr=[0], zkVersion=0, replicas=[0], offlineReplicas=[]) for partition adminAnalytics-0 in response to UpdateMetadata request sent by controller 0 epoch 3 with correlation id 2 (state.change.logger)
[2020-12-02 22:14:20,077] TRACE [Broker id=0] Cached leader info PartitionState(controllerEpoch=1, leader=0, leaderEpoch=0, isr=[0], zkVersion=0, replicas=[0], offlineReplicas=[]) for partition adminReviews-0 in response to UpdateMetadata request sent by controller 0 epoch 3 with correlation id 2 (state.change.logger)
[2020-12-02 22:14:20,078] TRACE [Controller id=0 epoch=3] Received response {error_code=0} for request UPDATE_METADATA with correlation id 2 sent to broker 192.168.0.10:9092 (id: 0 rack: null) (state.change.logger)
[2020-12-02 22:17:26,098] DEBUG preRegister called. Server=com.sun.jmx.mbeanserver.JmxMBeanServer@66d3c617, name=log4j:logger=state.change.logger (state.change.logger)
[2020-12-02 22:17:38,554] TRACE [Controller id=0 epoch=4] Sending UpdateMetadata request PartitionState(controllerEpoch=1, leader=0, leaderEpoch=0, isr=[0], zkVersion=0, replicas=[0], offlineReplicas=[]) to brokers Set(0) for partition adminPhotos-0 (state.change.logger)
[2020-12-02 22:17:38,554] TRACE [Controller id=0 epoch=4] Sending UpdateMetadata request PartitionState(controllerEpoch=1, leader=0, leaderEpoch=0, isr=[0], zkVersion=0, replicas=[0], offlineReplicas=[]) to brokers Set(0) for partition authorization-0 (state.change.logger)
[2020-12-02 22:17:38,555] TRACE [Controller id=0 epoch=4] Sending UpdateMetadata request PartitionState(controllerEpoch=2, leader=0, leaderEpoch=0, isr=[0], zkVersion=0, replicas=[0], offlineReplicas=[]) to brokers Set(0) for partition jobapplicant-0 (state.change.logger)
[2020-12-02 22:17:38,555] TRACE [Controller id=0 epoch=4] Sending UpdateMetadata request PartitionState(controllerEpoch=1, leader=0, leaderEpoch=0, isr=[0], zkVersion=0, replicas=[0], offlineReplicas=[]) to brokers Set(0) for partition adminCompany-0 (state.change.logger)
[2020-12-02 22:17:38,555] TRACE [Controller id=0 epoch=4] Sending UpdateMetadata request PartitionState(controllerEpoch=2, leader=0, leaderEpoch=0, isr=[0], zkVersion=0, replicas=[0], offlineReplicas=[]) to brokers Set(0) for partition studentProfile-0 (state.change.logger)
[2020-12-02 22:17:38,555] TRACE [Controller id=0 epoch=4] Sending UpdateMetadata request PartitionState(controllerEpoch=1, leader=0, leaderEpoch=0, isr=[0], zkVersion=0, replicas=[0], offlineReplicas=[]) to brokers Set(0) for partition adminReviews-0 (state.change.logger)
[2020-12-02 22:17:38,555] TRACE [Controller id=0 epoch=4] Sending UpdateMetadata request PartitionState(controllerEpoch=1, leader=0, leaderEpoch=0, isr=[0], zkVersion=0, replicas=[0], offlineReplicas=[]) to brokers Set(0) for partition adminAnalytics-0 (state.change.logger)
[2020-12-02 22:17:38,555] TRACE [Controller id=0 epoch=4] Sending UpdateMetadata request PartitionState(controllerEpoch=1, leader=0, leaderEpoch=0, isr=[0], zkVersion=0, replicas=[0], offlineReplicas=[]) to brokers Set(0) for partition reviews-0 (state.change.logger)
[2020-12-02 22:17:38,555] TRACE [Controller id=0 epoch=4] Sending UpdateMetadata request PartitionState(controllerEpoch=2, leader=0, leaderEpoch=0, isr=[0], zkVersion=0, replicas=[0], offlineReplicas=[]) to brokers Set(0) for partition getCurrentCompanyJobByJobId-0 (state.change.logger)
[2020-12-02 22:17:38,556] TRACE [Controller id=0 epoch=4] Sending UpdateMetadata request PartitionState(controllerEpoch=1, leader=0, leaderEpoch=0, isr=[0], zkVersion=0, replicas=[0], offlineReplicas=[]) to brokers Set(0) for partition response_topic-0 (state.change.logger)
[2020-12-02 22:17:38,582] TRACE [Controller id=0 epoch=4] Changed state of replica 0 for partition adminCompany-0 from OnlineReplica to OnlineReplica (state.change.logger)
[2020-12-02 22:17:38,583] TRACE [Controller id=0 epoch=4] Changed state of replica 0 for partition getCurrentCompanyJobByJobId-0 from OnlineReplica to OnlineReplica (state.change.logger)
[2020-12-02 22:17:38,583] TRACE [Controller id=0 epoch=4] Changed state of replica 0 for partition adminPhotos-0 from OnlineReplica to OnlineReplica (state.change.logger)
[2020-12-02 22:17:38,584] TRACE [Controller id=0 epoch=4] Changed state of replica 0 for partition reviews-0 from OnlineReplica to OnlineReplica (state.change.logger)
[2020-12-02 22:17:38,584] TRACE [Controller id=0 epoch=4] Changed state of replica 0 for partition adminReviews-0 from OnlineReplica to OnlineReplica (state.change.logger)
[2020-12-02 22:17:38,584] TRACE [Controller id=0 epoch=4] Changed state of replica 0 for partition studentProfile-0 from OnlineReplica to OnlineReplica (state.change.logger)
[2020-12-02 22:17:38,585] TRACE [Controller id=0 epoch=4] Changed state of replica 0 for partition response_topic-0 from OnlineReplica to OnlineReplica (state.change.logger)
[2020-12-02 22:17:38,585] TRACE [Controller id=0 epoch=4] Changed state of replica 0 for partition jobapplicant-0 from OnlineReplica to OnlineReplica (state.change.logger)
[2020-12-02 22:17:38,585] TRACE [Controller id=0 epoch=4] Changed state of replica 0 for partition authorization-0 from OnlineReplica to OnlineReplica (state.change.logger)
[2020-12-02 22:17:38,585] TRACE [Controller id=0 epoch=4] Changed state of replica 0 for partition adminAnalytics-0 from OnlineReplica to OnlineReplica (state.change.logger)
[2020-12-02 22:17:38,587] TRACE [Controller id=0 epoch=4] Sending become-leader LeaderAndIsr request PartitionState(controllerEpoch=1, leader=0, leaderEpoch=0, isr=0, zkVersion=0, replicas=0, isNew=false) to broker 0 for partition adminPhotos-0 (state.change.logger)
[2020-12-02 22:17:38,587] TRACE [Controller id=0 epoch=4] Sending become-leader LeaderAndIsr request PartitionState(controllerEpoch=1, leader=0, leaderEpoch=0, isr=0, zkVersion=0, replicas=0, isNew=false) to broker 0 for partition authorization-0 (state.change.logger)
[2020-12-02 22:17:38,587] TRACE [Controller id=0 epoch=4] Sending become-leader LeaderAndIsr request PartitionState(controllerEpoch=2, leader=0, leaderEpoch=0, isr=0, zkVersion=0, replicas=0, isNew=false) to broker 0 for partition jobapplicant-0 (state.change.logger)
[2020-12-02 22:17:38,587] TRACE [Controller id=0 epoch=4] Sending become-leader LeaderAndIsr request PartitionState(controllerEpoch=1, leader=0, leaderEpoch=0, isr=0, zkVersion=0, replicas=0, isNew=false) to broker 0 for partition adminCompany-0 (state.change.logger)
[2020-12-02 22:17:38,588] TRACE [Controller id=0 epoch=4] Sending become-leader LeaderAndIsr request PartitionState(controllerEpoch=1, leader=0, leaderEpoch=0, isr=0, zkVersion=0, replicas=0, isNew=false) to broker 0 for partition adminAnalytics-0 (state.change.logger)
[2020-12-02 22:17:38,588] TRACE [Controller id=0 epoch=4] Sending become-leader LeaderAndIsr request PartitionState(controllerEpoch=2, leader=0, leaderEpoch=0, isr=0, zkVersion=0, replicas=0, isNew=false) to broker 0 for partition studentProfile-0 (state.change.logger)
[2020-12-02 22:17:38,588] TRACE [Controller id=0 epoch=4] Sending become-leader LeaderAndIsr request PartitionState(controllerEpoch=1, leader=0, leaderEpoch=0, isr=0, zkVersion=0, replicas=0, isNew=false) to broker 0 for partition adminReviews-0 (state.change.logger)
[2020-12-02 22:17:38,588] TRACE [Controller id=0 epoch=4] Sending become-leader LeaderAndIsr request PartitionState(controllerEpoch=1, leader=0, leaderEpoch=0, isr=0, zkVersion=0, replicas=0, isNew=false) to broker 0 for partition reviews-0 (state.change.logger)
[2020-12-02 22:17:38,588] TRACE [Controller id=0 epoch=4] Sending become-leader LeaderAndIsr request PartitionState(controllerEpoch=1, leader=0, leaderEpoch=0, isr=0, zkVersion=0, replicas=0, isNew=false) to broker 0 for partition response_topic-0 (state.change.logger)
[2020-12-02 22:17:38,588] TRACE [Controller id=0 epoch=4] Sending become-leader LeaderAndIsr request PartitionState(controllerEpoch=2, leader=0, leaderEpoch=0, isr=0, zkVersion=0, replicas=0, isNew=false) to broker 0 for partition getCurrentCompanyJobByJobId-0 (state.change.logger)
[2020-12-02 22:17:38,590] TRACE [Controller id=0 epoch=4] Sending UpdateMetadata request PartitionState(controllerEpoch=1, leader=0, leaderEpoch=0, isr=[0], zkVersion=0, replicas=[0], offlineReplicas=[]) to brokers Set(0) for partition adminPhotos-0 (state.change.logger)
[2020-12-02 22:17:38,591] TRACE [Controller id=0 epoch=4] Sending UpdateMetadata request PartitionState(controllerEpoch=1, leader=0, leaderEpoch=0, isr=[0], zkVersion=0, replicas=[0], offlineReplicas=[]) to brokers Set(0) for partition authorization-0 (state.change.logger)
[2020-12-02 22:17:38,591] TRACE [Controller id=0 epoch=4] Sending UpdateMetadata request PartitionState(controllerEpoch=2, leader=0, leaderEpoch=0, isr=[0], zkVersion=0, replicas=[0], offlineReplicas=[]) to brokers Set(0) for partition jobapplicant-0 (state.change.logger)
[2020-12-02 22:17:38,591] TRACE [Controller id=0 epoch=4] Sending UpdateMetadata request PartitionState(controllerEpoch=1, leader=0, leaderEpoch=0, isr=[0], zkVersion=0, replicas=[0], offlineReplicas=[]) to brokers Set(0) for partition adminCompany-0 (state.change.logger)
[2020-12-02 22:17:38,591] TRACE [Controller id=0 epoch=4] Sending UpdateMetadata request PartitionState(controllerEpoch=1, leader=0, leaderEpoch=0, isr=[0], zkVersion=0, replicas=[0], offlineReplicas=[]) to brokers Set(0) for partition adminAnalytics-0 (state.change.logger)
[2020-12-02 22:17:38,591] TRACE [Controller id=0 epoch=4] Sending UpdateMetadata request PartitionState(controllerEpoch=2, leader=0, leaderEpoch=0, isr=[0], zkVersion=0, replicas=[0], offlineReplicas=[]) to brokers Set(0) for partition studentProfile-0 (state.change.logger)
[2020-12-02 22:17:38,591] TRACE [Controller id=0 epoch=4] Sending UpdateMetadata request PartitionState(controllerEpoch=1, leader=0, leaderEpoch=0, isr=[0], zkVersion=0, replicas=[0], offlineReplicas=[]) to brokers Set(0) for partition adminReviews-0 (state.change.logger)
[2020-12-02 22:17:38,591] TRACE [Controller id=0 epoch=4] Sending UpdateMetadata request PartitionState(controllerEpoch=1, leader=0, leaderEpoch=0, isr=[0], zkVersion=0, replicas=[0], offlineReplicas=[]) to brokers Set(0) for partition reviews-0 (state.change.logger)
[2020-12-02 22:17:38,592] TRACE [Controller id=0 epoch=4] Sending UpdateMetadata request PartitionState(controllerEpoch=1, leader=0, leaderEpoch=0, isr=[0], zkVersion=0, replicas=[0], offlineReplicas=[]) to brokers Set(0) for partition response_topic-0 (state.change.logger)
[2020-12-02 22:17:38,592] TRACE [Controller id=0 epoch=4] Sending UpdateMetadata request PartitionState(controllerEpoch=2, leader=0, leaderEpoch=0, isr=[0], zkVersion=0, replicas=[0], offlineReplicas=[]) to brokers Set(0) for partition getCurrentCompanyJobByJobId-0 (state.change.logger)
[2020-12-02 22:17:38,617] TRACE [Broker id=0] Cached leader info PartitionState(controllerEpoch=1, leader=0, leaderEpoch=0, isr=[0], zkVersion=0, replicas=[0], offlineReplicas=[]) for partition response_topic-0 in response to UpdateMetadata request sent by controller 0 epoch 4 with correlation id 0 (state.change.logger)
[2020-12-02 22:17:38,617] TRACE [Broker id=0] Cached leader info PartitionState(controllerEpoch=1, leader=0, leaderEpoch=0, isr=[0], zkVersion=0, replicas=[0], offlineReplicas=[]) for partition adminCompany-0 in response to UpdateMetadata request sent by controller 0 epoch 4 with correlation id 0 (state.change.logger)
[2020-12-02 22:17:38,617] TRACE [Broker id=0] Cached leader info PartitionState(controllerEpoch=1, leader=0, leaderEpoch=0, isr=[0], zkVersion=0, replicas=[0], offlineReplicas=[]) for partition reviews-0 in response to UpdateMetadata request sent by controller 0 epoch 4 with correlation id 0 (state.change.logger)
[2020-12-02 22:17:38,617] TRACE [Broker id=0] Cached leader info PartitionState(controllerEpoch=1, leader=0, leaderEpoch=0, isr=[0], zkVersion=0, replicas=[0], offlineReplicas=[]) for partition authorization-0 in response to UpdateMetadata request sent by controller 0 epoch 4 with correlation id 0 (state.change.logger)
[2020-12-02 22:17:38,617] TRACE [Broker id=0] Cached leader info PartitionState(controllerEpoch=1, leader=0, leaderEpoch=0, isr=[0], zkVersion=0, replicas=[0], offlineReplicas=[]) for partition adminPhotos-0 in response to UpdateMetadata request sent by controller 0 epoch 4 with correlation id 0 (state.change.logger)
[2020-12-02 22:17:38,617] TRACE [Broker id=0] Cached leader info PartitionState(controllerEpoch=2, leader=0, leaderEpoch=0, isr=[0], zkVersion=0, replicas=[0], offlineReplicas=[]) for partition jobapplicant-0 in response to UpdateMetadata request sent by controller 0 epoch 4 with correlation id 0 (state.change.logger)
[2020-12-02 22:17:38,617] TRACE [Broker id=0] Cached leader info PartitionState(controllerEpoch=2, leader=0, leaderEpoch=0, isr=[0], zkVersion=0, replicas=[0], offlineReplicas=[]) for partition getCurrentCompanyJobByJobId-0 in response to UpdateMetadata request sent by controller 0 epoch 4 with correlation id 0 (state.change.logger)
[2020-12-02 22:17:38,617] TRACE [Broker id=0] Cached leader info PartitionState(controllerEpoch=2, leader=0, leaderEpoch=0, isr=[0], zkVersion=0, replicas=[0], offlineReplicas=[]) for partition studentProfile-0 in response to UpdateMetadata request sent by controller 0 epoch 4 with correlation id 0 (state.change.logger)
[2020-12-02 22:17:38,617] TRACE [Broker id=0] Cached leader info PartitionState(controllerEpoch=1, leader=0, leaderEpoch=0, isr=[0], zkVersion=0, replicas=[0], offlineReplicas=[]) for partition adminAnalytics-0 in response to UpdateMetadata request sent by controller 0 epoch 4 with correlation id 0 (state.change.logger)
[2020-12-02 22:17:38,618] TRACE [Broker id=0] Cached leader info PartitionState(controllerEpoch=1, leader=0, leaderEpoch=0, isr=[0], zkVersion=0, replicas=[0], offlineReplicas=[]) for partition adminReviews-0 in response to UpdateMetadata request sent by controller 0 epoch 4 with correlation id 0 (state.change.logger)
[2020-12-02 22:17:38,626] TRACE [Controller id=0 epoch=4] Received response {error_code=0} for request UPDATE_METADATA with correlation id 0 sent to broker 192.168.0.10:9092 (id: 0 rack: null) (state.change.logger)
[2020-12-02 22:17:38,630] TRACE [Broker id=0] Received LeaderAndIsr request PartitionState(controllerEpoch=1, leader=0, leaderEpoch=0, isr=0, zkVersion=0, replicas=0, isNew=false) correlation id 1 from controller 0 epoch 4 for partition adminCompany-0 (state.change.logger)
[2020-12-02 22:17:38,630] TRACE [Broker id=0] Received LeaderAndIsr request PartitionState(controllerEpoch=1, leader=0, leaderEpoch=0, isr=0, zkVersion=0, replicas=0, isNew=false) correlation id 1 from controller 0 epoch 4 for partition response_topic-0 (state.change.logger)
[2020-12-02 22:17:38,630] TRACE [Broker id=0] Received LeaderAndIsr request PartitionState(controllerEpoch=1, leader=0, leaderEpoch=0, isr=0, zkVersion=0, replicas=0, isNew=false) correlation id 1 from controller 0 epoch 4 for partition authorization-0 (state.change.logger)
[2020-12-02 22:17:38,630] TRACE [Broker id=0] Received LeaderAndIsr request PartitionState(controllerEpoch=1, leader=0, leaderEpoch=0, isr=0, zkVersion=0, replicas=0, isNew=false) correlation id 1 from controller 0 epoch 4 for partition reviews-0 (state.change.logger)
[2020-12-02 22:17:38,630] TRACE [Broker id=0] Received LeaderAndIsr request PartitionState(controllerEpoch=1, leader=0, leaderEpoch=0, isr=0, zkVersion=0, replicas=0, isNew=false) correlation id 1 from controller 0 epoch 4 for partition adminPhotos-0 (state.change.logger)
[2020-12-02 22:17:38,630] TRACE [Broker id=0] Received LeaderAndIsr request PartitionState(controllerEpoch=2, leader=0, leaderEpoch=0, isr=0, zkVersion=0, replicas=0, isNew=false) correlation id 1 from controller 0 epoch 4 for partition jobapplicant-0 (state.change.logger)
[2020-12-02 22:17:38,630] TRACE [Broker id=0] Received LeaderAndIsr request PartitionState(controllerEpoch=2, leader=0, leaderEpoch=0, isr=0, zkVersion=0, replicas=0, isNew=false) correlation id 1 from controller 0 epoch 4 for partition getCurrentCompanyJobByJobId-0 (state.change.logger)
[2020-12-02 22:17:38,631] TRACE [Broker id=0] Received LeaderAndIsr request PartitionState(controllerEpoch=1, leader=0, leaderEpoch=0, isr=0, zkVersion=0, replicas=0, isNew=false) correlation id 1 from controller 0 epoch 4 for partition adminAnalytics-0 (state.change.logger)
[2020-12-02 22:17:38,631] TRACE [Broker id=0] Received LeaderAndIsr request PartitionState(controllerEpoch=2, leader=0, leaderEpoch=0, isr=0, zkVersion=0, replicas=0, isNew=false) correlation id 1 from controller 0 epoch 4 for partition studentProfile-0 (state.change.logger)
[2020-12-02 22:17:38,631] TRACE [Broker id=0] Received LeaderAndIsr request PartitionState(controllerEpoch=1, leader=0, leaderEpoch=0, isr=0, zkVersion=0, replicas=0, isNew=false) correlation id 1 from controller 0 epoch 4 for partition adminReviews-0 (state.change.logger)
[2020-12-02 22:17:38,645] TRACE [Broker id=0] Handling LeaderAndIsr request correlationId 1 from controller 0 epoch 4 starting the become-leader transition for partition adminPhotos-0 (state.change.logger)
[2020-12-02 22:17:38,645] TRACE [Broker id=0] Handling LeaderAndIsr request correlationId 1 from controller 0 epoch 4 starting the become-leader transition for partition authorization-0 (state.change.logger)
[2020-12-02 22:17:38,645] TRACE [Broker id=0] Handling LeaderAndIsr request correlationId 1 from controller 0 epoch 4 starting the become-leader transition for partition jobapplicant-0 (state.change.logger)
[2020-12-02 22:17:38,645] TRACE [Broker id=0] Handling LeaderAndIsr request correlationId 1 from controller 0 epoch 4 starting the become-leader transition for partition adminAnalytics-0 (state.change.logger)
[2020-12-02 22:17:38,645] TRACE [Broker id=0] Handling LeaderAndIsr request correlationId 1 from controller 0 epoch 4 starting the become-leader transition for partition studentProfile-0 (state.change.logger)
[2020-12-02 22:17:38,645] TRACE [Broker id=0] Handling LeaderAndIsr request correlationId 1 from controller 0 epoch 4 starting the become-leader transition for partition adminReviews-0 (state.change.logger)
[2020-12-02 22:17:38,645] TRACE [Broker id=0] Handling LeaderAndIsr request correlationId 1 from controller 0 epoch 4 starting the become-leader transition for partition adminCompany-0 (state.change.logger)
[2020-12-02 22:17:38,645] TRACE [Broker id=0] Handling LeaderAndIsr request correlationId 1 from controller 0 epoch 4 starting the become-leader transition for partition response_topic-0 (state.change.logger)
[2020-12-02 22:17:38,645] TRACE [Broker id=0] Handling LeaderAndIsr request correlationId 1 from controller 0 epoch 4 starting the become-leader transition for partition reviews-0 (state.change.logger)
[2020-12-02 22:17:38,645] TRACE [Broker id=0] Handling LeaderAndIsr request correlationId 1 from controller 0 epoch 4 starting the become-leader transition for partition getCurrentCompanyJobByJobId-0 (state.change.logger)
[2020-12-02 22:17:38,667] TRACE [Broker id=0] Stopped fetchers as part of become-leader request from controller 0 epoch 4 with correlation id 1 for partition adminPhotos-0 (last update controller epoch 1) (state.change.logger)
[2020-12-02 22:17:38,671] TRACE [Broker id=0] Stopped fetchers as part of become-leader request from controller 0 epoch 4 with correlation id 1 for partition authorization-0 (last update controller epoch 1) (state.change.logger)
[2020-12-02 22:17:38,675] TRACE [Broker id=0] Stopped fetchers as part of become-leader request from controller 0 epoch 4 with correlation id 1 for partition jobapplicant-0 (last update controller epoch 2) (state.change.logger)
[2020-12-02 22:17:38,678] TRACE [Broker id=0] Stopped fetchers as part of become-leader request from controller 0 epoch 4 with correlation id 1 for partition adminAnalytics-0 (last update controller epoch 1) (state.change.logger)
[2020-12-02 22:17:38,682] TRACE [Broker id=0] Stopped fetchers as part of become-leader request from controller 0 epoch 4 with correlation id 1 for partition studentProfile-0 (last update controller epoch 2) (state.change.logger)
[2020-12-02 22:17:38,684] TRACE [Broker id=0] Stopped fetchers as part of become-leader request from controller 0 epoch 4 with correlation id 1 for partition adminReviews-0 (last update controller epoch 1) (state.change.logger)
[2020-12-02 22:17:38,698] TRACE [Broker id=0] Stopped fetchers as part of become-leader request from controller 0 epoch 4 with correlation id 1 for partition adminCompany-0 (last update controller epoch 1) (state.change.logger)
[2020-12-02 22:17:38,702] TRACE [Broker id=0] Stopped fetchers as part of become-leader request from controller 0 epoch 4 with correlation id 1 for partition response_topic-0 (last update controller epoch 1) (state.change.logger)
[2020-12-02 22:17:38,706] TRACE [Broker id=0] Stopped fetchers as part of become-leader request from controller 0 epoch 4 with correlation id 1 for partition reviews-0 (last update controller epoch 1) (state.change.logger)
[2020-12-02 22:17:38,708] TRACE [Broker id=0] Stopped fetchers as part of become-leader request from controller 0 epoch 4 with correlation id 1 for partition getCurrentCompanyJobByJobId-0 (last update controller epoch 2) (state.change.logger)
[2020-12-02 22:17:38,709] TRACE [Broker id=0] Completed LeaderAndIsr request correlationId 1 from controller 0 epoch 4 for the become-leader transition for partition adminPhotos-0 (state.change.logger)
[2020-12-02 22:17:38,709] TRACE [Broker id=0] Completed LeaderAndIsr request correlationId 1 from controller 0 epoch 4 for the become-leader transition for partition authorization-0 (state.change.logger)
[2020-12-02 22:17:38,709] TRACE [Broker id=0] Completed LeaderAndIsr request correlationId 1 from controller 0 epoch 4 for the become-leader transition for partition jobapplicant-0 (state.change.logger)
[2020-12-02 22:17:38,709] TRACE [Broker id=0] Completed LeaderAndIsr request correlationId 1 from controller 0 epoch 4 for the become-leader transition for partition adminAnalytics-0 (state.change.logger)
[2020-12-02 22:17:38,710] TRACE [Broker id=0] Completed LeaderAndIsr request correlationId 1 from controller 0 epoch 4 for the become-leader transition for partition studentProfile-0 (state.change.logger)
[2020-12-02 22:17:38,710] TRACE [Broker id=0] Completed LeaderAndIsr request correlationId 1 from controller 0 epoch 4 for the become-leader transition for partition adminReviews-0 (state.change.logger)
[2020-12-02 22:17:38,710] TRACE [Broker id=0] Completed LeaderAndIsr request correlationId 1 from controller 0 epoch 4 for the become-leader transition for partition adminCompany-0 (state.change.logger)
[2020-12-02 22:17:38,710] TRACE [Broker id=0] Completed LeaderAndIsr request correlationId 1 from controller 0 epoch 4 for the become-leader transition for partition response_topic-0 (state.change.logger)
[2020-12-02 22:17:38,710] TRACE [Broker id=0] Completed LeaderAndIsr request correlationId 1 from controller 0 epoch 4 for the become-leader transition for partition reviews-0 (state.change.logger)
[2020-12-02 22:17:38,710] TRACE [Broker id=0] Completed LeaderAndIsr request correlationId 1 from controller 0 epoch 4 for the become-leader transition for partition getCurrentCompanyJobByJobId-0 (state.change.logger)
[2020-12-02 22:17:38,721] TRACE [Controller id=0 epoch=4] Received response {error_code=0,partitions=[{topic=adminCompany,partition=0,error_code=0},{topic=response_topic,partition=0,error_code=0},{topic=authorization,partition=0,error_code=0},{topic=reviews,partition=0,error_code=0},{topic=adminPhotos,partition=0,error_code=0},{topic=jobapplicant,partition=0,error_code=0},{topic=getCurrentCompanyJobByJobId,partition=0,error_code=0},{topic=studentProfile,partition=0,error_code=0},{topic=adminAnalytics,partition=0,error_code=0},{topic=adminReviews,partition=0,error_code=0}]} for request LEADER_AND_ISR with correlation id 1 sent to broker 192.168.0.10:9092 (id: 0 rack: null) (state.change.logger)
[2020-12-02 22:17:38,724] TRACE [Broker id=0] Cached leader info PartitionState(controllerEpoch=1, leader=0, leaderEpoch=0, isr=[0], zkVersion=0, replicas=[0], offlineReplicas=[]) for partition response_topic-0 in response to UpdateMetadata request sent by controller 0 epoch 4 with correlation id 2 (state.change.logger)
[2020-12-02 22:17:38,725] TRACE [Broker id=0] Cached leader info PartitionState(controllerEpoch=1, leader=0, leaderEpoch=0, isr=[0], zkVersion=0, replicas=[0], offlineReplicas=[]) for partition adminCompany-0 in response to UpdateMetadata request sent by controller 0 epoch 4 with correlation id 2 (state.change.logger)
[2020-12-02 22:17:38,725] TRACE [Broker id=0] Cached leader info PartitionState(controllerEpoch=1, leader=0, leaderEpoch=0, isr=[0], zkVersion=0, replicas=[0], offlineReplicas=[]) for partition reviews-0 in response to UpdateMetadata request sent by controller 0 epoch 4 with correlation id 2 (state.change.logger)
[2020-12-02 22:17:38,725] TRACE [Broker id=0] Cached leader info PartitionState(controllerEpoch=1, leader=0, leaderEpoch=0, isr=[0], zkVersion=0, replicas=[0], offlineReplicas=[]) for partition authorization-0 in response to UpdateMetadata request sent by controller 0 epoch 4 with correlation id 2 (state.change.logger)
[2020-12-02 22:17:38,725] TRACE [Broker id=0] Cached leader info PartitionState(controllerEpoch=1, leader=0, leaderEpoch=0, isr=[0], zkVersion=0, replicas=[0], offlineReplicas=[]) for partition adminPhotos-0 in response to UpdateMetadata request sent by controller 0 epoch 4 with correlation id 2 (state.change.logger)
[2020-12-02 22:17:38,725] TRACE [Broker id=0] Cached leader info PartitionState(controllerEpoch=2, leader=0, leaderEpoch=0, isr=[0], zkVersion=0, replicas=[0], offlineReplicas=[]) for partition jobapplicant-0 in response to UpdateMetadata request sent by controller 0 epoch 4 with correlation id 2 (state.change.logger)
[2020-12-02 22:17:38,725] TRACE [Broker id=0] Cached leader info PartitionState(controllerEpoch=2, leader=0, leaderEpoch=0, isr=[0], zkVersion=0, replicas=[0], offlineReplicas=[]) for partition getCurrentCompanyJobByJobId-0 in response to UpdateMetadata request sent by controller 0 epoch 4 with correlation id 2 (state.change.logger)
[2020-12-02 22:17:38,725] TRACE [Broker id=0] Cached leader info PartitionState(controllerEpoch=2, leader=0, leaderEpoch=0, isr=[0], zkVersion=0, replicas=[0], offlineReplicas=[]) for partition studentProfile-0 in response to UpdateMetadata request sent by controller 0 epoch 4 with correlation id 2 (state.change.logger)
[2020-12-02 22:17:38,725] TRACE [Broker id=0] Cached leader info PartitionState(controllerEpoch=1, leader=0, leaderEpoch=0, isr=[0], zkVersion=0, replicas=[0], offlineReplicas=[]) for partition adminAnalytics-0 in response to UpdateMetadata request sent by controller 0 epoch 4 with correlation id 2 (state.change.logger)
[2020-12-02 22:17:38,725] TRACE [Broker id=0] Cached leader info PartitionState(controllerEpoch=1, leader=0, leaderEpoch=0, isr=[0], zkVersion=0, replicas=[0], offlineReplicas=[]) for partition adminReviews-0 in response to UpdateMetadata request sent by controller 0 epoch 4 with correlation id 2 (state.change.logger)
[2020-12-02 22:17:38,726] TRACE [Controller id=0 epoch=4] Received response {error_code=0} for request UPDATE_METADATA with correlation id 2 sent to broker 192.168.0.10:9092 (id: 0 rack: null) (state.change.logger)
[2020-12-02 22:21:59,631] DEBUG preRegister called. Server=com.sun.jmx.mbeanserver.JmxMBeanServer@66d3c617, name=log4j:logger=state.change.logger (state.change.logger)
[2020-12-02 22:23:00,316] TRACE [Controller id=0 epoch=5] Sending UpdateMetadata request PartitionState(controllerEpoch=1, leader=0, leaderEpoch=0, isr=[0], zkVersion=0, replicas=[0], offlineReplicas=[]) to brokers Set(0) for partition adminPhotos-0 (state.change.logger)
[2020-12-02 22:23:00,318] TRACE [Controller id=0 epoch=5] Sending UpdateMetadata request PartitionState(controllerEpoch=1, leader=0, leaderEpoch=0, isr=[0], zkVersion=0, replicas=[0], offlineReplicas=[]) to brokers Set(0) for partition authorization-0 (state.change.logger)
[2020-12-02 22:23:00,319] TRACE [Controller id=0 epoch=5] Sending UpdateMetadata request PartitionState(controllerEpoch=2, leader=0, leaderEpoch=0, isr=[0], zkVersion=0, replicas=[0], offlineReplicas=[]) to brokers Set(0) for partition jobapplicant-0 (state.change.logger)
[2020-12-02 22:23:00,319] TRACE [Controller id=0 epoch=5] Sending UpdateMetadata request PartitionState(controllerEpoch=1, leader=0, leaderEpoch=0, isr=[0], zkVersion=0, replicas=[0], offlineReplicas=[]) to brokers Set(0) for partition adminCompany-0 (state.change.logger)
[2020-12-02 22:23:00,319] TRACE [Controller id=0 epoch=5] Sending UpdateMetadata request PartitionState(controllerEpoch=2, leader=0, leaderEpoch=0, isr=[0], zkVersion=0, replicas=[0], offlineReplicas=[]) to brokers Set(0) for partition studentProfile-0 (state.change.logger)
[2020-12-02 22:23:00,319] TRACE [Controller id=0 epoch=5] Sending UpdateMetadata request PartitionState(controllerEpoch=1, leader=0, leaderEpoch=0, isr=[0], zkVersion=0, replicas=[0], offlineReplicas=[]) to brokers Set(0) for partition adminReviews-0 (state.change.logger)
[2020-12-02 22:23:00,319] TRACE [Controller id=0 epoch=5] Sending UpdateMetadata request PartitionState(controllerEpoch=1, leader=0, leaderEpoch=0, isr=[0], zkVersion=0, replicas=[0], offlineReplicas=[]) to brokers Set(0) for partition adminAnalytics-0 (state.change.logger)
[2020-12-02 22:23:00,319] TRACE [Controller id=0 epoch=5] Sending UpdateMetadata request PartitionState(controllerEpoch=1, leader=0, leaderEpoch=0, isr=[0], zkVersion=0, replicas=[0], offlineReplicas=[]) to brokers Set(0) for partition reviews-0 (state.change.logger)
[2020-12-02 22:23:00,319] TRACE [Controller id=0 epoch=5] Sending UpdateMetadata request PartitionState(controllerEpoch=2, leader=0, leaderEpoch=0, isr=[0], zkVersion=0, replicas=[0], offlineReplicas=[]) to brokers Set(0) for partition getCurrentCompanyJobByJobId-0 (state.change.logger)
[2020-12-02 22:23:00,319] TRACE [Controller id=0 epoch=5] Sending UpdateMetadata request PartitionState(controllerEpoch=1, leader=0, leaderEpoch=0, isr=[0], zkVersion=0, replicas=[0], offlineReplicas=[]) to brokers Set(0) for partition response_topic-0 (state.change.logger)
[2020-12-02 22:23:00,344] TRACE [Controller id=0 epoch=5] Changed state of replica 0 for partition adminCompany-0 from OnlineReplica to OnlineReplica (state.change.logger)
[2020-12-02 22:23:00,345] TRACE [Controller id=0 epoch=5] Changed state of replica 0 for partition getCurrentCompanyJobByJobId-0 from OnlineReplica to OnlineReplica (state.change.logger)
[2020-12-02 22:23:00,345] TRACE [Controller id=0 epoch=5] Changed state of replica 0 for partition adminPhotos-0 from OnlineReplica to OnlineReplica (state.change.logger)
[2020-12-02 22:23:00,345] TRACE [Controller id=0 epoch=5] Changed state of replica 0 for partition reviews-0 from OnlineReplica to OnlineReplica (state.change.logger)
[2020-12-02 22:23:00,345] TRACE [Controller id=0 epoch=5] Changed state of replica 0 for partition adminReviews-0 from OnlineReplica to OnlineReplica (state.change.logger)
[2020-12-02 22:23:00,346] TRACE [Controller id=0 epoch=5] Changed state of replica 0 for partition studentProfile-0 from OnlineReplica to OnlineReplica (state.change.logger)
[2020-12-02 22:23:00,346] TRACE [Controller id=0 epoch=5] Changed state of replica 0 for partition response_topic-0 from OnlineReplica to OnlineReplica (state.change.logger)
[2020-12-02 22:23:00,346] TRACE [Controller id=0 epoch=5] Changed state of replica 0 for partition jobapplicant-0 from OnlineReplica to OnlineReplica (state.change.logger)
[2020-12-02 22:23:00,346] TRACE [Controller id=0 epoch=5] Changed state of replica 0 for partition authorization-0 from OnlineReplica to OnlineReplica (state.change.logger)
[2020-12-02 22:23:00,346] TRACE [Controller id=0 epoch=5] Changed state of replica 0 for partition adminAnalytics-0 from OnlineReplica to OnlineReplica (state.change.logger)
[2020-12-02 22:23:00,348] TRACE [Controller id=0 epoch=5] Sending become-leader LeaderAndIsr request PartitionState(controllerEpoch=1, leader=0, leaderEpoch=0, isr=0, zkVersion=0, replicas=0, isNew=false) to broker 0 for partition adminPhotos-0 (state.change.logger)
[2020-12-02 22:23:00,348] TRACE [Controller id=0 epoch=5] Sending become-leader LeaderAndIsr request PartitionState(controllerEpoch=1, leader=0, leaderEpoch=0, isr=0, zkVersion=0, replicas=0, isNew=false) to broker 0 for partition authorization-0 (state.change.logger)
[2020-12-02 22:23:00,348] TRACE [Controller id=0 epoch=5] Sending become-leader LeaderAndIsr request PartitionState(controllerEpoch=2, leader=0, leaderEpoch=0, isr=0, zkVersion=0, replicas=0, isNew=false) to broker 0 for partition jobapplicant-0 (state.change.logger)
[2020-12-02 22:23:00,348] TRACE [Controller id=0 epoch=5] Sending become-leader LeaderAndIsr request PartitionState(controllerEpoch=1, leader=0, leaderEpoch=0, isr=0, zkVersion=0, replicas=0, isNew=false) to broker 0 for partition adminCompany-0 (state.change.logger)
[2020-12-02 22:23:00,348] TRACE [Controller id=0 epoch=5] Sending become-leader LeaderAndIsr request PartitionState(controllerEpoch=1, leader=0, leaderEpoch=0, isr=0, zkVersion=0, replicas=0, isNew=false) to broker 0 for partition adminAnalytics-0 (state.change.logger)
[2020-12-02 22:23:00,348] TRACE [Controller id=0 epoch=5] Sending become-leader LeaderAndIsr request PartitionState(controllerEpoch=2, leader=0, leaderEpoch=0, isr=0, zkVersion=0, replicas=0, isNew=false) to broker 0 for partition studentProfile-0 (state.change.logger)
[2020-12-02 22:23:00,348] TRACE [Controller id=0 epoch=5] Sending become-leader LeaderAndIsr request PartitionState(controllerEpoch=1, leader=0, leaderEpoch=0, isr=0, zkVersion=0, replicas=0, isNew=false) to broker 0 for partition adminReviews-0 (state.change.logger)
[2020-12-02 22:23:00,348] TRACE [Controller id=0 epoch=5] Sending become-leader LeaderAndIsr request PartitionState(controllerEpoch=1, leader=0, leaderEpoch=0, isr=0, zkVersion=0, replicas=0, isNew=false) to broker 0 for partition reviews-0 (state.change.logger)
[2020-12-02 22:23:00,348] TRACE [Controller id=0 epoch=5] Sending become-leader LeaderAndIsr request PartitionState(controllerEpoch=1, leader=0, leaderEpoch=0, isr=0, zkVersion=0, replicas=0, isNew=false) to broker 0 for partition response_topic-0 (state.change.logger)
[2020-12-02 22:23:00,348] TRACE [Controller id=0 epoch=5] Sending become-leader LeaderAndIsr request PartitionState(controllerEpoch=2, leader=0, leaderEpoch=0, isr=0, zkVersion=0, replicas=0, isNew=false) to broker 0 for partition getCurrentCompanyJobByJobId-0 (state.change.logger)
[2020-12-02 22:23:00,350] TRACE [Controller id=0 epoch=5] Sending UpdateMetadata request PartitionState(controllerEpoch=1, leader=0, leaderEpoch=0, isr=[0], zkVersion=0, replicas=[0], offlineReplicas=[]) to brokers Set(0) for partition adminPhotos-0 (state.change.logger)
[2020-12-02 22:23:00,350] TRACE [Controller id=0 epoch=5] Sending UpdateMetadata request PartitionState(controllerEpoch=1, leader=0, leaderEpoch=0, isr=[0], zkVersion=0, replicas=[0], offlineReplicas=[]) to brokers Set(0) for partition authorization-0 (state.change.logger)
[2020-12-02 22:23:00,350] TRACE [Controller id=0 epoch=5] Sending UpdateMetadata request PartitionState(controllerEpoch=2, leader=0, leaderEpoch=0, isr=[0], zkVersion=0, replicas=[0], offlineReplicas=[]) to brokers Set(0) for partition jobapplicant-0 (state.change.logger)
[2020-12-02 22:23:00,350] TRACE [Controller id=0 epoch=5] Sending UpdateMetadata request PartitionState(controllerEpoch=1, leader=0, leaderEpoch=0, isr=[0], zkVersion=0, replicas=[0], offlineReplicas=[]) to brokers Set(0) for partition adminCompany-0 (state.change.logger)
[2020-12-02 22:23:00,350] TRACE [Controller id=0 epoch=5] Sending UpdateMetadata request PartitionState(controllerEpoch=1, leader=0, leaderEpoch=0, isr=[0], zkVersion=0, replicas=[0], offlineReplicas=[]) to brokers Set(0) for partition adminAnalytics-0 (state.change.logger)
[2020-12-02 22:23:00,350] TRACE [Controller id=0 epoch=5] Sending UpdateMetadata request PartitionState(controllerEpoch=2, leader=0, leaderEpoch=0, isr=[0], zkVersion=0, replicas=[0], offlineReplicas=[]) to brokers Set(0) for partition studentProfile-0 (state.change.logger)
[2020-12-02 22:23:00,350] TRACE [Controller id=0 epoch=5] Sending UpdateMetadata request PartitionState(controllerEpoch=1, leader=0, leaderEpoch=0, isr=[0], zkVersion=0, replicas=[0], offlineReplicas=[]) to brokers Set(0) for partition adminReviews-0 (state.change.logger)
[2020-12-02 22:23:00,351] TRACE [Controller id=0 epoch=5] Sending UpdateMetadata request PartitionState(controllerEpoch=1, leader=0, leaderEpoch=0, isr=[0], zkVersion=0, replicas=[0], offlineReplicas=[]) to brokers Set(0) for partition reviews-0 (state.change.logger)
[2020-12-02 22:23:00,351] TRACE [Controller id=0 epoch=5] Sending UpdateMetadata request PartitionState(controllerEpoch=1, leader=0, leaderEpoch=0, isr=[0], zkVersion=0, replicas=[0], offlineReplicas=[]) to brokers Set(0) for partition response_topic-0 (state.change.logger)
[2020-12-02 22:23:00,351] TRACE [Controller id=0 epoch=5] Sending UpdateMetadata request PartitionState(controllerEpoch=2, leader=0, leaderEpoch=0, isr=[0], zkVersion=0, replicas=[0], offlineReplicas=[]) to brokers Set(0) for partition getCurrentCompanyJobByJobId-0 (state.change.logger)
[2020-12-02 22:23:00,368] TRACE [Broker id=0] Cached leader info PartitionState(controllerEpoch=1, leader=0, leaderEpoch=0, isr=[0], zkVersion=0, replicas=[0], offlineReplicas=[]) for partition response_topic-0 in response to UpdateMetadata request sent by controller 0 epoch 5 with correlation id 0 (state.change.logger)
[2020-12-02 22:23:00,368] TRACE [Broker id=0] Cached leader info PartitionState(controllerEpoch=1, leader=0, leaderEpoch=0, isr=[0], zkVersion=0, replicas=[0], offlineReplicas=[]) for partition adminCompany-0 in response to UpdateMetadata request sent by controller 0 epoch 5 with correlation id 0 (state.change.logger)
[2020-12-02 22:23:00,369] TRACE [Broker id=0] Cached leader info PartitionState(controllerEpoch=1, leader=0, leaderEpoch=0, isr=[0], zkVersion=0, replicas=[0], offlineReplicas=[]) for partition reviews-0 in response to UpdateMetadata request sent by controller 0 epoch 5 with correlation id 0 (state.change.logger)
[2020-12-02 22:23:00,369] TRACE [Broker id=0] Cached leader info PartitionState(controllerEpoch=1, leader=0, leaderEpoch=0, isr=[0], zkVersion=0, replicas=[0], offlineReplicas=[]) for partition authorization-0 in response to UpdateMetadata request sent by controller 0 epoch 5 with correlation id 0 (state.change.logger)
[2020-12-02 22:23:00,369] TRACE [Broker id=0] Cached leader info PartitionState(controllerEpoch=1, leader=0, leaderEpoch=0, isr=[0], zkVersion=0, replicas=[0], offlineReplicas=[]) for partition adminPhotos-0 in response to UpdateMetadata request sent by controller 0 epoch 5 with correlation id 0 (state.change.logger)
[2020-12-02 22:23:00,369] TRACE [Broker id=0] Cached leader info PartitionState(controllerEpoch=2, leader=0, leaderEpoch=0, isr=[0], zkVersion=0, replicas=[0], offlineReplicas=[]) for partition jobapplicant-0 in response to UpdateMetadata request sent by controller 0 epoch 5 with correlation id 0 (state.change.logger)
[2020-12-02 22:23:00,369] TRACE [Broker id=0] Cached leader info PartitionState(controllerEpoch=2, leader=0, leaderEpoch=0, isr=[0], zkVersion=0, replicas=[0], offlineReplicas=[]) for partition getCurrentCompanyJobByJobId-0 in response to UpdateMetadata request sent by controller 0 epoch 5 with correlation id 0 (state.change.logger)
[2020-12-02 22:23:00,369] TRACE [Broker id=0] Cached leader info PartitionState(controllerEpoch=2, leader=0, leaderEpoch=0, isr=[0], zkVersion=0, replicas=[0], offlineReplicas=[]) for partition studentProfile-0 in response to UpdateMetadata request sent by controller 0 epoch 5 with correlation id 0 (state.change.logger)
[2020-12-02 22:23:00,369] TRACE [Broker id=0] Cached leader info PartitionState(controllerEpoch=1, leader=0, leaderEpoch=0, isr=[0], zkVersion=0, replicas=[0], offlineReplicas=[]) for partition adminAnalytics-0 in response to UpdateMetadata request sent by controller 0 epoch 5 with correlation id 0 (state.change.logger)
[2020-12-02 22:23:00,369] TRACE [Broker id=0] Cached leader info PartitionState(controllerEpoch=1, leader=0, leaderEpoch=0, isr=[0], zkVersion=0, replicas=[0], offlineReplicas=[]) for partition adminReviews-0 in response to UpdateMetadata request sent by controller 0 epoch 5 with correlation id 0 (state.change.logger)
[2020-12-02 22:23:00,379] TRACE [Controller id=0 epoch=5] Received response {error_code=0} for request UPDATE_METADATA with correlation id 0 sent to broker 192.168.0.10:9092 (id: 0 rack: null) (state.change.logger)
[2020-12-02 22:23:00,386] TRACE [Broker id=0] Received LeaderAndIsr request PartitionState(controllerEpoch=1, leader=0, leaderEpoch=0, isr=0, zkVersion=0, replicas=0, isNew=false) correlation id 1 from controller 0 epoch 5 for partition adminCompany-0 (state.change.logger)
[2020-12-02 22:23:00,386] TRACE [Broker id=0] Received LeaderAndIsr request PartitionState(controllerEpoch=1, leader=0, leaderEpoch=0, isr=0, zkVersion=0, replicas=0, isNew=false) correlation id 1 from controller 0 epoch 5 for partition response_topic-0 (state.change.logger)
[2020-12-02 22:23:00,386] TRACE [Broker id=0] Received LeaderAndIsr request PartitionState(controllerEpoch=1, leader=0, leaderEpoch=0, isr=0, zkVersion=0, replicas=0, isNew=false) correlation id 1 from controller 0 epoch 5 for partition authorization-0 (state.change.logger)
[2020-12-02 22:23:00,386] TRACE [Broker id=0] Received LeaderAndIsr request PartitionState(controllerEpoch=1, leader=0, leaderEpoch=0, isr=0, zkVersion=0, replicas=0, isNew=false) correlation id 1 from controller 0 epoch 5 for partition reviews-0 (state.change.logger)
[2020-12-02 22:23:00,386] TRACE [Broker id=0] Received LeaderAndIsr request PartitionState(controllerEpoch=1, leader=0, leaderEpoch=0, isr=0, zkVersion=0, replicas=0, isNew=false) correlation id 1 from controller 0 epoch 5 for partition adminPhotos-0 (state.change.logger)
[2020-12-02 22:23:00,386] TRACE [Broker id=0] Received LeaderAndIsr request PartitionState(controllerEpoch=2, leader=0, leaderEpoch=0, isr=0, zkVersion=0, replicas=0, isNew=false) correlation id 1 from controller 0 epoch 5 for partition jobapplicant-0 (state.change.logger)
[2020-12-02 22:23:00,386] TRACE [Broker id=0] Received LeaderAndIsr request PartitionState(controllerEpoch=2, leader=0, leaderEpoch=0, isr=0, zkVersion=0, replicas=0, isNew=false) correlation id 1 from controller 0 epoch 5 for partition getCurrentCompanyJobByJobId-0 (state.change.logger)
[2020-12-02 22:23:00,386] TRACE [Broker id=0] Received LeaderAndIsr request PartitionState(controllerEpoch=1, leader=0, leaderEpoch=0, isr=0, zkVersion=0, replicas=0, isNew=false) correlation id 1 from controller 0 epoch 5 for partition adminAnalytics-0 (state.change.logger)
[2020-12-02 22:23:00,387] TRACE [Broker id=0] Received LeaderAndIsr request PartitionState(controllerEpoch=2, leader=0, leaderEpoch=0, isr=0, zkVersion=0, replicas=0, isNew=false) correlation id 1 from controller 0 epoch 5 for partition studentProfile-0 (state.change.logger)
[2020-12-02 22:23:00,387] TRACE [Broker id=0] Received LeaderAndIsr request PartitionState(controllerEpoch=1, leader=0, leaderEpoch=0, isr=0, zkVersion=0, replicas=0, isNew=false) correlation id 1 from controller 0 epoch 5 for partition adminReviews-0 (state.change.logger)
[2020-12-02 22:23:00,401] TRACE [Broker id=0] Handling LeaderAndIsr request correlationId 1 from controller 0 epoch 5 starting the become-leader transition for partition adminPhotos-0 (state.change.logger)
[2020-12-02 22:23:00,401] TRACE [Broker id=0] Handling LeaderAndIsr request correlationId 1 from controller 0 epoch 5 starting the become-leader transition for partition authorization-0 (state.change.logger)
[2020-12-02 22:23:00,401] TRACE [Broker id=0] Handling LeaderAndIsr request correlationId 1 from controller 0 epoch 5 starting the become-leader transition for partition jobapplicant-0 (state.change.logger)
[2020-12-02 22:23:00,401] TRACE [Broker id=0] Handling LeaderAndIsr request correlationId 1 from controller 0 epoch 5 starting the become-leader transition for partition adminAnalytics-0 (state.change.logger)
[2020-12-02 22:23:00,401] TRACE [Broker id=0] Handling LeaderAndIsr request correlationId 1 from controller 0 epoch 5 starting the become-leader transition for partition studentProfile-0 (state.change.logger)
[2020-12-02 22:23:00,401] TRACE [Broker id=0] Handling LeaderAndIsr request correlationId 1 from controller 0 epoch 5 starting the become-leader transition for partition adminReviews-0 (state.change.logger)
[2020-12-02 22:23:00,401] TRACE [Broker id=0] Handling LeaderAndIsr request correlationId 1 from controller 0 epoch 5 starting the become-leader transition for partition adminCompany-0 (state.change.logger)
[2020-12-02 22:23:00,401] TRACE [Broker id=0] Handling LeaderAndIsr request correlationId 1 from controller 0 epoch 5 starting the become-leader transition for partition response_topic-0 (state.change.logger)
[2020-12-02 22:23:00,402] TRACE [Broker id=0] Handling LeaderAndIsr request correlationId 1 from controller 0 epoch 5 starting the become-leader transition for partition reviews-0 (state.change.logger)
[2020-12-02 22:23:00,402] TRACE [Broker id=0] Handling LeaderAndIsr request correlationId 1 from controller 0 epoch 5 starting the become-leader transition for partition getCurrentCompanyJobByJobId-0 (state.change.logger)
[2020-12-02 22:23:00,421] TRACE [Broker id=0] Stopped fetchers as part of become-leader request from controller 0 epoch 5 with correlation id 1 for partition adminPhotos-0 (last update controller epoch 1) (state.change.logger)
[2020-12-02 22:23:00,424] TRACE [Broker id=0] Stopped fetchers as part of become-leader request from controller 0 epoch 5 with correlation id 1 for partition authorization-0 (last update controller epoch 1) (state.change.logger)
[2020-12-02 22:23:00,426] TRACE [Broker id=0] Stopped fetchers as part of become-leader request from controller 0 epoch 5 with correlation id 1 for partition jobapplicant-0 (last update controller epoch 2) (state.change.logger)
[2020-12-02 22:23:00,429] TRACE [Broker id=0] Stopped fetchers as part of become-leader request from controller 0 epoch 5 with correlation id 1 for partition adminAnalytics-0 (last update controller epoch 1) (state.change.logger)
[2020-12-02 22:23:00,432] TRACE [Broker id=0] Stopped fetchers as part of become-leader request from controller 0 epoch 5 with correlation id 1 for partition studentProfile-0 (last update controller epoch 2) (state.change.logger)
[2020-12-02 22:23:00,436] TRACE [Broker id=0] Stopped fetchers as part of become-leader request from controller 0 epoch 5 with correlation id 1 for partition adminReviews-0 (last update controller epoch 1) (state.change.logger)
[2020-12-02 22:23:00,445] TRACE [Broker id=0] Stopped fetchers as part of become-leader request from controller 0 epoch 5 with correlation id 1 for partition adminCompany-0 (last update controller epoch 1) (state.change.logger)
[2020-12-02 22:23:00,454] TRACE [Broker id=0] Stopped fetchers as part of become-leader request from controller 0 epoch 5 with correlation id 1 for partition response_topic-0 (last update controller epoch 1) (state.change.logger)
[2020-12-02 22:23:00,457] TRACE [Broker id=0] Stopped fetchers as part of become-leader request from controller 0 epoch 5 with correlation id 1 for partition reviews-0 (last update controller epoch 1) (state.change.logger)
[2020-12-02 22:23:00,464] TRACE [Broker id=0] Stopped fetchers as part of become-leader request from controller 0 epoch 5 with correlation id 1 for partition getCurrentCompanyJobByJobId-0 (last update controller epoch 2) (state.change.logger)
[2020-12-02 22:23:00,465] TRACE [Broker id=0] Completed LeaderAndIsr request correlationId 1 from controller 0 epoch 5 for the become-leader transition for partition adminPhotos-0 (state.change.logger)
[2020-12-02 22:23:00,465] TRACE [Broker id=0] Completed LeaderAndIsr request correlationId 1 from controller 0 epoch 5 for the become-leader transition for partition authorization-0 (state.change.logger)
[2020-12-02 22:23:00,465] TRACE [Broker id=0] Completed LeaderAndIsr request correlationId 1 from controller 0 epoch 5 for the become-leader transition for partition jobapplicant-0 (state.change.logger)
[2020-12-02 22:23:00,465] TRACE [Broker id=0] Completed LeaderAndIsr request correlationId 1 from controller 0 epoch 5 for the become-leader transition for partition adminAnalytics-0 (state.change.logger)
[2020-12-02 22:23:00,465] TRACE [Broker id=0] Completed LeaderAndIsr request correlationId 1 from controller 0 epoch 5 for the become-leader transition for partition studentProfile-0 (state.change.logger)
[2020-12-02 22:23:00,466] TRACE [Broker id=0] Completed LeaderAndIsr request correlationId 1 from controller 0 epoch 5 for the become-leader transition for partition adminReviews-0 (state.change.logger)
[2020-12-02 22:23:00,466] TRACE [Broker id=0] Completed LeaderAndIsr request correlationId 1 from controller 0 epoch 5 for the become-leader transition for partition adminCompany-0 (state.change.logger)
[2020-12-02 22:23:00,466] TRACE [Broker id=0] Completed LeaderAndIsr request correlationId 1 from controller 0 epoch 5 for the become-leader transition for partition response_topic-0 (state.change.logger)
[2020-12-02 22:23:00,466] TRACE [Broker id=0] Completed LeaderAndIsr request correlationId 1 from controller 0 epoch 5 for the become-leader transition for partition reviews-0 (state.change.logger)
[2020-12-02 22:23:00,466] TRACE [Broker id=0] Completed LeaderAndIsr request correlationId 1 from controller 0 epoch 5 for the become-leader transition for partition getCurrentCompanyJobByJobId-0 (state.change.logger)
[2020-12-02 22:23:00,478] TRACE [Controller id=0 epoch=5] Received response {error_code=0,partitions=[{topic=adminCompany,partition=0,error_code=0},{topic=response_topic,partition=0,error_code=0},{topic=authorization,partition=0,error_code=0},{topic=reviews,partition=0,error_code=0},{topic=adminPhotos,partition=0,error_code=0},{topic=jobapplicant,partition=0,error_code=0},{topic=getCurrentCompanyJobByJobId,partition=0,error_code=0},{topic=studentProfile,partition=0,error_code=0},{topic=adminAnalytics,partition=0,error_code=0},{topic=adminReviews,partition=0,error_code=0}]} for request LEADER_AND_ISR with correlation id 1 sent to broker 192.168.0.10:9092 (id: 0 rack: null) (state.change.logger)
[2020-12-02 22:23:00,485] TRACE [Broker id=0] Cached leader info PartitionState(controllerEpoch=1, leader=0, leaderEpoch=0, isr=[0], zkVersion=0, replicas=[0], offlineReplicas=[]) for partition response_topic-0 in response to UpdateMetadata request sent by controller 0 epoch 5 with correlation id 2 (state.change.logger)
[2020-12-02 22:23:00,485] TRACE [Broker id=0] Cached leader info PartitionState(controllerEpoch=1, leader=0, leaderEpoch=0, isr=[0], zkVersion=0, replicas=[0], offlineReplicas=[]) for partition adminCompany-0 in response to UpdateMetadata request sent by controller 0 epoch 5 with correlation id 2 (state.change.logger)
[2020-12-02 22:23:00,485] TRACE [Broker id=0] Cached leader info PartitionState(controllerEpoch=1, leader=0, leaderEpoch=0, isr=[0], zkVersion=0, replicas=[0], offlineReplicas=[]) for partition reviews-0 in response to UpdateMetadata request sent by controller 0 epoch 5 with correlation id 2 (state.change.logger)
[2020-12-02 22:23:00,485] TRACE [Broker id=0] Cached leader info PartitionState(controllerEpoch=1, leader=0, leaderEpoch=0, isr=[0], zkVersion=0, replicas=[0], offlineReplicas=[]) for partition authorization-0 in response to UpdateMetadata request sent by controller 0 epoch 5 with correlation id 2 (state.change.logger)
[2020-12-02 22:23:00,485] TRACE [Broker id=0] Cached leader info PartitionState(controllerEpoch=1, leader=0, leaderEpoch=0, isr=[0], zkVersion=0, replicas=[0], offlineReplicas=[]) for partition adminPhotos-0 in response to UpdateMetadata request sent by controller 0 epoch 5 with correlation id 2 (state.change.logger)
[2020-12-02 22:23:00,485] TRACE [Broker id=0] Cached leader info PartitionState(controllerEpoch=2, leader=0, leaderEpoch=0, isr=[0], zkVersion=0, replicas=[0], offlineReplicas=[]) for partition jobapplicant-0 in response to UpdateMetadata request sent by controller 0 epoch 5 with correlation id 2 (state.change.logger)
[2020-12-02 22:23:00,485] TRACE [Broker id=0] Cached leader info PartitionState(controllerEpoch=2, leader=0, leaderEpoch=0, isr=[0], zkVersion=0, replicas=[0], offlineReplicas=[]) for partition getCurrentCompanyJobByJobId-0 in response to UpdateMetadata request sent by controller 0 epoch 5 with correlation id 2 (state.change.logger)
[2020-12-02 22:23:00,485] TRACE [Broker id=0] Cached leader info PartitionState(controllerEpoch=2, leader=0, leaderEpoch=0, isr=[0], zkVersion=0, replicas=[0], offlineReplicas=[]) for partition studentProfile-0 in response to UpdateMetadata request sent by controller 0 epoch 5 with correlation id 2 (state.change.logger)
[2020-12-02 22:23:00,485] TRACE [Broker id=0] Cached leader info PartitionState(controllerEpoch=1, leader=0, leaderEpoch=0, isr=[0], zkVersion=0, replicas=[0], offlineReplicas=[]) for partition adminAnalytics-0 in response to UpdateMetadata request sent by controller 0 epoch 5 with correlation id 2 (state.change.logger)
[2020-12-02 22:23:00,485] TRACE [Broker id=0] Cached leader info PartitionState(controllerEpoch=1, leader=0, leaderEpoch=0, isr=[0], zkVersion=0, replicas=[0], offlineReplicas=[]) for partition adminReviews-0 in response to UpdateMetadata request sent by controller 0 epoch 5 with correlation id 2 (state.change.logger)
[2020-12-02 22:23:00,486] TRACE [Controller id=0 epoch=5] Received response {error_code=0} for request UPDATE_METADATA with correlation id 2 sent to broker 192.168.0.10:9092 (id: 0 rack: null) (state.change.logger)
